Intentando conectar a la VPN... (Intento 1 de 30)
Usando proxy con credenciales
start /B "" "openvpn\bin\openvpn" --config "config\us-free-237079.protonvpn.tcp\us-free-237079.protonvpn.tcp.ovpn" --auth-user-pass ".ovpn_credentials.txt" --http-proxy 127.0.0.1 5556 ".proxy_credentials.txt" --auth-nocache --auth-retry interact
2024-12-19 18:07:06 OpenVPN 2.6.12 [git:v2.6.12/038a94bae57a446c] Windows [SSL (OpenSSL)] [LZO] [LZ4] [PKCS11] [AEAD] [DCO] built on Jul 18 2024
2024-12-19 18:07:06 Windows version 10.0 (Windows 10 or greater), amd64 executable
2024-12-19 18:07:06 library versions: OpenSSL 3.3.1 4 Jun 2024, LZO 2.10
2024-12-19 18:07:06 DCO version: 1.2.1
2024-12-19 18:07:06 TCP/UDP: Preserving recently used remote address: [AF_INET]127.0.0.1:5556
2024-12-19 18:07:06 Attempting to establish TCP connection with [AF_INET]127.0.0.1:5556
2024-12-19 18:07:06 TCP connection established with [AF_INET]127.0.0.1:5556
2024-12-19 18:07:08 TCPv4_CLIENT link local: (not bound)
2024-12-19 18:07:08 TCPv4_CLIENT link remote: [AF_INET]127.0.0.1:5556
2024-12-19 18:07:09 [node-us-287.protonvpn.net] Peer Connection Initiated with [AF_INET]127.0.0.1:5556
2024-12-19 18:07:12 open_tun
2024-12-19 18:07:12 tap-windows6 device [OpenVPN TAP-Windows6] opened
2024-12-19 18:07:12 Set TAP-Windows TUN subnet mode network/local/netmask = 10.98.0.0/10.98.0.49/255.255.0.0 [SUCCEEDED]
2024-12-19 18:07:12 Notified TAP-Windows driver to set a DHCP IP/netmask of 10.98.0.49/255.255.0.0 on interface {FD7E00FE-AEC4-4C6E-8DF0-A2938446D560} [DHCP-serv: 10.98.0.0, lease-time: 31536000]
2024-12-19 18:07:12 Successful ARP Flush on interface [73] {FD7E00FE-AEC4-4C6E-8DF0-A2938446D560}
2024-12-19 18:07:12 IPv4 MTU set to 1500 on interface 73 using SetIpInterfaceEntry()
2024-12-19 18:07:12 Block_DNS: WFP engine opened
2024-12-19 18:07:12 Block_DNS: Using existing sublayer
2024-12-19 18:07:12 Block_DNS: Added permit filters for exe_path
2024-12-19 18:07:12 Block_DNS: Added block filters for all interfaces
2024-12-19 18:07:12 Block_DNS: Added permit filters for TAP interface
2024-12-19 18:07:17 Initialization Sequence Completed
Verificando conexion...
HAY CONEXION A INTERNET TODO OK
Interfaz detectada: TAP-Windows Adapter V9
Conexion VPN activa y usando la interfaz OpenVPN.
Verificando conexion...
HAY CONEXION A INTERNET TODO OK
Interfaz detectada: TAP-Windows Adapter V9
Conexion VPN activa y usando la interfaz OpenVPN.
Verificando conexion...
HAY CONEXION A INTERNET TODO OK
Interfaz detectada: TAP-Windows Adapter V9
Conexion VPN activa y usando la interfaz OpenVPN.
Verificando conexion...
HAY CONEXION A INTERNET TODO OK
Interfaz detectada: TAP-Windows Adapter V9
Conexion VPN activa y usando la interfaz OpenVPN.
Verificando conexion...
HAY CONEXION A INTERNET TODO OK
Interfaz detectada: TAP-Windows Adapter V9
Conexion VPN activa y usando la interfaz OpenVPN.
Verificando conexion...
HAY CONEXION A INTERNET TODO OK
Interfaz detectada: TAP-Windows Adapter V9
Conexion VPN activa y usando la interfaz OpenVPN.
Verificando conexion...
HAY CONEXION A INTERNET TODO OK
Interfaz detectada: TAP-Windows Adapter V9
Conexion VPN activa y usando la interfaz OpenVPN.
Verificando conexion...
HAY CONEXION A INTERNET TODO OK
Interfaz detectada: TAP-Windows Adapter V9
Conexion VPN activa y usando la interfaz OpenVPN.
Verificando conexion...
HAY CONEXION A INTERNET TODO OK
Interfaz detectada: TAP-Windows Adapter V9
Conexion VPN activa y usando la interfaz OpenVPN.
Verificando conexion...
HAY CONEXION A INTERNET TODO OK
Interfaz detectada: TAP-Windows Adapter V9
Conexion VPN activa y usando la interfaz OpenVPN.
Verificando conexion...
HAY CONEXION A INTERNET TODO OK
Interfaz detectada: TAP-Windows Adapter V9
Conexion VPN activa y usando la interfaz OpenVPN.
Verificando conexion...
HAY CONEXION A INTERNET TODO OK
Interfaz detectada: TAP-Windows Adapter V9
Conexion VPN activa y usando la interfaz OpenVPN.
Verificando conexion...
HAY CONEXION A INTERNET TODO OK
Interfaz detectada: TAP-Windows Adapter V9
Conexion VPN activa y usando la interfaz OpenVPN.
Verificando conexion...
HAY CONEXION A INTERNET TODO OK
Interfaz detectada: TAP-Windows Adapter V9
Conexion VPN activa y usando la interfaz OpenVPN.
Verificando conexion...
HAY CONEXION A INTERNET TODO OK
Interfaz detectada: TAP-Windows Adapter V9
Conexion VPN activa y usando la interfaz OpenVPN.
Verificando conexion...
HAY CONEXION A INTERNET TODO OK
Interfaz detectada: TAP-Windows Adapter V9
Conexion VPN activa y usando la interfaz OpenVPN.
Verificando conexion...
HAY CONEXION A INTERNET TODO OK
Interfaz detectada: TAP-Windows Adapter V9
Conexion VPN activa y usando la interfaz OpenVPN.
Verificando conexion...
HAY CONEXION A INTERNET TODO OK
Interfaz detectada: TAP-Windows Adapter V9
Conexion VPN activa y usando la interfaz OpenVPN.
Verificando conexion...
HAY CONEXION A INTERNET TODO OK
Interfaz detectada: TAP-Windows Adapter V9
Conexion VPN activa y usando la interfaz OpenVPN.
Verificando conexion...
HAY CONEXION A INTERNET TODO OK
Interfaz detectada: TAP-Windows Adapter V9
Conexion VPN activa y usando la interfaz OpenVPN.
Verificando conexion...
HAY CONEXION A INTERNET TODO OK
Interfaz detectada: TAP-Windows Adapter V9
Conexion VPN activa y usando la interfaz OpenVPN.
Verificando conexion...
HAY CONEXION A INTERNET TODO OK
Interfaz detectada: TAP-Windows Adapter V9
Conexion VPN activa y usando la interfaz OpenVPN.
Verificando conexion...
HAY CONEXION A INTERNET TODO OK
Interfaz detectada: TAP-Windows Adapter V9
Conexion VPN activa y usando la interfaz OpenVPN.
Verificando conexion...
HAY CONEXION A INTERNET TODO OK
Interfaz detectada: TAP-Windows Adapter V9
Conexion VPN activa y usando la interfaz OpenVPN.
Verificando conexion...
HAY CONEXION A INTERNET TODO OK
Interfaz detectada: TAP-Windows Adapter V9
Conexion VPN activa y usando la interfaz OpenVPN.
Verificando conexion...
HAY CONEXION A INTERNET TODO OK
Interfaz detectada: TAP-Windows Adapter V9
Conexion VPN activa y usando la interfaz OpenVPN.
Verificando conexion...
HAY CONEXION A INTERNET TODO OK
Interfaz detectada: TAP-Windows Adapter V9
Conexion VPN activa y usando la interfaz OpenVPN.
Verificando conexion...
HAY CONEXION A INTERNET TODO OK
Interfaz detectada: TAP-Windows Adapter V9
Conexion VPN activa y usando la interfaz OpenVPN.
Verificando conexion...
HAY CONEXION A INTERNET TODO OK
Interfaz detectada: TAP-Windows Adapter V9
Conexion VPN activa y usando la interfaz OpenVPN.
Verificando conexion...
HAY CONEXION A INTERNET TODO OK
Interfaz detectada: TAP-Windows Adapter V9
Conexion VPN activa y usando la interfaz OpenVPN.
Verificando conexion...
HAY CONEXION A INTERNET TODO OK
Interfaz detectada: TAP-Windows Adapter V9
Conexion VPN activa y usando la interfaz OpenVPN.
Verificando conexion...
HAY CONEXION A INTERNET TODO OK
Interfaz detectada: TAP-Windows Adapter V9
Conexion VPN activa y usando la interfaz OpenVPN.
Verificando conexion...
HAY CONEXION A INTERNET TODO OK
Interfaz detectada: TAP-Windows Adapter V9
Conexion VPN activa y usando la interfaz OpenVPN.
Verificando conexion...
HAY CONEXION A INTERNET TODO OK
Interfaz detectada: TAP-Windows Adapter V9
Conexion VPN activa y usando la interfaz OpenVPN.
Verificando conexion...
HAY CONEXION A INTERNET TODO OK
Interfaz detectada: TAP-Windows Adapter V9
Conexion VPN activa y usando la interfaz OpenVPN.
Verificando conexion...
HAY CONEXION A INTERNET TODO OK
Interfaz detectada: TAP-Windows Adapter V9
Conexion VPN activa y usando la interfaz OpenVPN.
Verificando conexion...
HAY CONEXION A INTERNET TODO OK
Interfaz detectada: TAP-Windows Adapter V9
Conexion VPN activa y usando la interfaz OpenVPN.
Verificando conexion...
HAY CONEXION A INTERNET TODO OK
Interfaz detectada: TAP-Windows Adapter V9
Conexion VPN activa y usando la interfaz OpenVPN.
Verificando conexion...
HAY CONEXION A INTERNET TODO OK
Interfaz detectada: TAP-Windows Adapter V9
Conexion VPN activa y usando la interfaz OpenVPN.
Verificando conexion...
HAY CONEXION A INTERNET TODO OK
Interfaz detectada: TAP-Windows Adapter V9
Conexion VPN activa y usando la interfaz OpenVPN.
Verificando conexion...
HAY CONEXION A INTERNET TODO OK
Interfaz detectada: TAP-Windows Adapter V9
Conexion VPN activa y usando la interfaz OpenVPN.
Verificando conexion...
HAY CONEXION A INTERNET TODO OK
Interfaz detectada: TAP-Windows Adapter V9
Conexion VPN activa y usando la interfaz OpenVPN.
Verificando conexion...
HAY CONEXION A INTERNET TODO OK
Interfaz detectada: TAP-Windows Adapter V9
Conexion VPN activa y usando la interfaz OpenVPN.
Verificando conexion...
HAY CONEXION A INTERNET TODO OK
Interfaz detectada: TAP-Windows Adapter V9
Conexion VPN activa y usando la interfaz OpenVPN.
Verificando conexion...
HAY CONEXION A INTERNET TODO OK
Interfaz detectada: TAP-Windows Adapter V9
Conexion VPN activa y usando la interfaz OpenVPN.
Verificando conexion...
HAY CONEXION A INTERNET TODO OK
Interfaz detectada: TAP-Windows Adapter V9
Conexion VPN activa y usando la interfaz OpenVPN.
Verificando conexion...
HAY CONEXION A INTERNET TODO OK
Interfaz detectada: TAP-Windows Adapter V9
Conexion VPN activa y usando la interfaz OpenVPN.
Verificando conexion...
HAY CONEXION A INTERNET TODO OK
Interfaz detectada: TAP-Windows Adapter V9
Conexion VPN activa y usando la interfaz OpenVPN.
Verificando conexion...
HAY CONEXION A INTERNET TODO OK
Interfaz detectada: TAP-Windows Adapter V9
Conexion VPN activa y usando la interfaz OpenVPN.
Verificando conexion...
HAY CONEXION A INTERNET TODO OK
Interfaz detectada: TAP-Windows Adapter V9
Conexion VPN activa y usando la interfaz OpenVPN.
Verificando conexion...
HAY CONEXION A INTERNET TODO OK
Interfaz detectada: TAP-Windows Adapter V9
Conexion VPN activa y usando la interfaz OpenVPN.
Verificando conexion...
HAY CONEXION A INTERNET TODO OK
Interfaz detectada: TAP-Windows Adapter V9
Conexion VPN activa y usando la interfaz OpenVPN.
Verificando conexion...
HAY CONEXION A INTERNET TODO OK
Interfaz detectada: TAP-Windows Adapter V9
Conexion VPN activa y usando la interfaz OpenVPN.
Verificando conexion...
HAY CONEXION A INTERNET TODO OK
Interfaz detectada: TAP-Windows Adapter V9
Conexion VPN activa y usando la interfaz OpenVPN.
Verificando conexion...
HAY CONEXION A INTERNET TODO OK
Interfaz detectada: TAP-Windows Adapter V9
Conexion VPN activa y usando la interfaz OpenVPN.
Verificando conexion...
HAY CONEXION A INTERNET TODO OK
Interfaz detectada: TAP-Windows Adapter V9
Conexion VPN activa y usando la interfaz OpenVPN.
Verificando conexion...
HAY CONEXION A INTERNET TODO OK
Interfaz detectada: TAP-Windows Adapter V9
Conexion VPN activa y usando la interfaz OpenVPN.
Verificando conexion...
HAY CONEXION A INTERNET TODO OK
Interfaz detectada: TAP-Windows Adapter V9
Conexion VPN activa y usando la interfaz OpenVPN.
Verificando conexion...
HAY CONEXION A INTERNET TODO OK
Interfaz detectada: TAP-Windows Adapter V9
Conexion VPN activa y usando la interfaz OpenVPN.
Verificando conexion...
HAY CONEXION A INTERNET TODO OK
Interfaz detectada: TAP-Windows Adapter V9
Conexion VPN activa y usando la interfaz OpenVPN.
Verificando conexion...
HAY CONEXION A INTERNET TODO OK
Interfaz detectada: TAP-Windows Adapter V9
Conexion VPN activa y usando la interfaz OpenVPN.
Verificando conexion...
HAY CONEXION A INTERNET TODO OK
Interfaz detectada: TAP-Windows Adapter V9
Conexion VPN activa y usando la interfaz OpenVPN.
Verificando conexion...
HAY CONEXION A INTERNET TODO OK
Interfaz detectada: TAP-Windows Adapter V9
Conexion VPN activa y usando la interfaz OpenVPN.
Verificando conexion...
HAY CONEXION A INTERNET TODO OK
Interfaz detectada: TAP-Windows Adapter V9
Conexion VPN activa y usando la interfaz OpenVPN.
Verificando conexion...
HAY CONEXION A INTERNET TODO OK
Interfaz detectada: TAP-Windows Adapter V9
Conexion VPN activa y usando la interfaz OpenVPN.
Verificando conexion...
HAY CONEXION A INTERNET TODO OK
Interfaz detectada: TAP-Windows Adapter V9
Conexion VPN activa y usando la interfaz OpenVPN.
Verificando conexion...
HAY CONEXION A INTERNET TODO OK
Interfaz detectada: TAP-Windows Adapter V9
Conexion VPN activa y usando la interfaz OpenVPN.
Verificando conexion...
HAY CONEXION A INTERNET TODO OK
Interfaz detectada: TAP-Windows Adapter V9
Conexion VPN activa y usando la interfaz OpenVPN.
Verificando conexion...
HAY CONEXION A INTERNET TODO OK
Interfaz detectada: TAP-Windows Adapter V9
Conexion VPN activa y usando la interfaz OpenVPN.
Verificando conexion...
HAY CONEXION A INTERNET TODO OK
Interfaz detectada: TAP-Windows Adapter V9
Conexion VPN activa y usando la interfaz OpenVPN.
Verificando conexion...
HAY CONEXION A INTERNET TODO OK
Interfaz detectada: TAP-Windows Adapter V9
Conexion VPN activa y usando la interfaz OpenVPN.
Verificando conexion...
HAY CONEXION A INTERNET TODO OK
Interfaz detectada: TAP-Windows Adapter V9
Conexion VPN activa y usando la interfaz OpenVPN.
Verificando conexion...
HAY CONEXION A INTERNET TODO OK
Interfaz detectada: TAP-Windows Adapter V9
Conexion VPN activa y usando la interfaz OpenVPN.
Verificando conexion...
HAY CONEXION A INTERNET TODO OK
Interfaz detectada: TAP-Windows Adapter V9
Conexion VPN activa y usando la interfaz OpenVPN.
Verificando conexion...
HAY CONEXION A INTERNET TODO OK
Interfaz detectada: TAP-Windows Adapter V9
Conexion VPN activa y usando la interfaz OpenVPN.
Verificando conexion...
HAY CONEXION A INTERNET TODO OK
Interfaz detectada: TAP-Windows Adapter V9
Conexion VPN activa y usando la interfaz OpenVPN.
Verificando conexion...
HAY CONEXION A INTERNET TODO OK
Interfaz detectada: TAP-Windows Adapter V9
Conexion VPN activa y usando la interfaz OpenVPN.
Verificando conexion...
HAY CONEXION A INTERNET TODO OK
Interfaz detectada: TAP-Windows Adapter V9
Conexion VPN activa y usando la interfaz OpenVPN.
Verificando conexion...
HAY CONEXION A INTERNET TODO OK
Interfaz detectada: TAP-Windows Adapter V9
Conexion VPN activa y usando la interfaz OpenVPN.
Verificando conexion...
HAY CONEXION A INTERNET TODO OK
Interfaz detectada: TAP-Windows Adapter V9
Conexion VPN activa y usando la interfaz OpenVPN.
Verificando conexion...
HAY CONEXION A INTERNET TODO OK
Interfaz detectada: TAP-Windows Adapter V9
Conexion VPN activa y usando la interfaz OpenVPN.
Verificando conexion...
HAY CONEXION A INTERNET TODO OK
Interfaz detectada: TAP-Windows Adapter V9
Conexion VPN activa y usando la interfaz OpenVPN.
Verificando conexion...
HAY CONEXION A INTERNET TODO OK
Interfaz detectada: TAP-Windows Adapter V9
Conexion VPN activa y usando la interfaz OpenVPN.
Verificando conexion...
HAY CONEXION A INTERNET TODO OK
Interfaz detectada: TAP-Windows Adapter V9
Conexion VPN activa y usando la interfaz OpenVPN.
Verificando conexion...
HAY CONEXION A INTERNET TODO OK
Interfaz detectada: TAP-Windows Adapter V9
Conexion VPN activa y usando la interfaz OpenVPN.
Verificando conexion...
HAY CONEXION A INTERNET TODO OK
Interfaz detectada: TAP-Windows Adapter V9
Conexion VPN activa y usando la interfaz OpenVPN.
Verificando conexion...
HAY CONEXION A INTERNET TODO OK
Interfaz detectada: TAP-Windows Adapter V9
Conexion VPN activa y usando la interfaz OpenVPN.
Verificando conexion...
HAY CONEXION A INTERNET TODO OK
Interfaz detectada: TAP-Windows Adapter V9
Conexion VPN activa y usando la interfaz OpenVPN.
Verificando conexion...
HAY CONEXION A INTERNET TODO OK
Interfaz detectada: TAP-Windows Adapter V9
Conexion VPN activa y usando la interfaz OpenVPN.
Verificando conexion...
HAY CONEXION A INTERNET TODO OK
Interfaz detectada: TAP-Windows Adapter V9
Conexion VPN activa y usando la interfaz OpenVPN.
Verificando conexion...
HAY CONEXION A INTERNET TODO OK
Interfaz detectada: TAP-Windows Adapter V9
Conexion VPN activa y usando la interfaz OpenVPN.
Verificando conexion...
HAY CONEXION A INTERNET TODO OK
Interfaz detectada: TAP-Windows Adapter V9
Conexion VPN activa y usando la interfaz OpenVPN.
Verificando conexion...
HAY CONEXION A INTERNET TODO OK
Interfaz detectada: TAP-Windows Adapter V9
Conexion VPN activa y usando la interfaz OpenVPN.
Verificando conexion...
HAY CONEXION A INTERNET TODO OK
Interfaz detectada: TAP-Windows Adapter V9
Conexion VPN activa y usando la interfaz OpenVPN.
Verificando conexion...
HAY CONEXION A INTERNET TODO OK
Interfaz detectada: TAP-Windows Adapter V9
Conexion VPN activa y usando la interfaz OpenVPN.
Verificando conexion...
HAY CONEXION A INTERNET TODO OK
Interfaz detectada: TAP-Windows Adapter V9
Conexion VPN activa y usando la interfaz OpenVPN.
Verificando conexion...
HAY CONEXION A INTERNET TODO OK
Interfaz detectada: TAP-Windows Adapter V9
Conexion VPN activa y usando la interfaz OpenVPN.
Verificando conexion...
HAY CONEXION A INTERNET TODO OK
Interfaz detectada: TAP-Windows Adapter V9
Conexion VPN activa y usando la interfaz OpenVPN.
Verificando conexion...
HAY CONEXION A INTERNET TODO OK
Interfaz detectada: TAP-Windows Adapter V9
Conexion VPN activa y usando la interfaz OpenVPN.
Verificando conexion...
HAY CONEXION A INTERNET TODO OK
Interfaz detectada: TAP-Windows Adapter V9
Conexion VPN activa y usando la interfaz OpenVPN.
Verificando conexion...
HAY CONEXION A INTERNET TODO OK
Interfaz detectada: TAP-Windows Adapter V9
Conexion VPN activa y usando la interfaz OpenVPN.
Verificando conexion...
HAY CONEXION A INTERNET TODO OK
Interfaz detectada: TAP-Windows Adapter V9
Conexion VPN activa y usando la interfaz OpenVPN.
Verificando conexion...
HAY CONEXION A INTERNET TODO OK
Interfaz detectada: TAP-Windows Adapter V9
Conexion VPN activa y usando la interfaz OpenVPN.
Verificando conexion...
HAY CONEXION A INTERNET TODO OK
Interfaz detectada: TAP-Windows Adapter V9
Conexion VPN activa y usando la interfaz OpenVPN.
Verificando conexion...
HAY CONEXION A INTERNET TODO OK
Interfaz detectada: TAP-Windows Adapter V9
Conexion VPN activa y usando la interfaz OpenVPN.
Verificando conexion...
HAY CONEXION A INTERNET TODO OK
Interfaz detectada: TAP-Windows Adapter V9
Conexion VPN activa y usando la interfaz OpenVPN.
Verificando conexion...
HAY CONEXION A INTERNET TODO OK
Interfaz detectada: TAP-Windows Adapter V9
Conexion VPN activa y usando la interfaz OpenVPN.
Verificando conexion...
HAY CONEXION A INTERNET TODO OK
Interfaz detectada: TAP-Windows Adapter V9
Conexion VPN activa y usando la interfaz OpenVPN.
Verificando conexion...
HAY CONEXION A INTERNET TODO OK
Interfaz detectada: TAP-Windows Adapter V9
Conexion VPN activa y usando la interfaz OpenVPN.
Verificando conexion...
HAY CONEXION A INTERNET TODO OK
Interfaz detectada: TAP-Windows Adapter V9
Conexion VPN activa y usando la interfaz OpenVPN.
Verificando conexion...
HAY CONEXION A INTERNET TODO OK
Interfaz detectada: TAP-Windows Adapter V9
Conexion VPN activa y usando la interfaz OpenVPN.
Verificando conexion...
HAY CONEXION A INTERNET TODO OK
Interfaz detectada: TAP-Windows Adapter V9
Conexion VPN activa y usando la interfaz OpenVPN.
Verificando conexion...
HAY CONEXION A INTERNET TODO OK
Interfaz detectada: TAP-Windows Adapter V9
Conexion VPN activa y usando la interfaz OpenVPN.
Verificando conexion...
HAY CONEXION A INTERNET TODO OK
Interfaz detectada: TAP-Windows Adapter V9
Conexion VPN activa y usando la interfaz OpenVPN.
Verificando conexion...
HAY CONEXION A INTERNET TODO OK
Interfaz detectada: TAP-Windows Adapter V9
Conexion VPN activa y usando la interfaz OpenVPN.
Verificando conexion...
HAY CONEXION A INTERNET TODO OK
Interfaz detectada: TAP-Windows Adapter V9
Conexion VPN activa y usando la interfaz OpenVPN.
Verificando conexion...
HAY CONEXION A INTERNET TODO OK
Interfaz detectada: TAP-Windows Adapter V9
Conexion VPN activa y usando la interfaz OpenVPN.
Verificando conexion...
HAY CONEXION A INTERNET TODO OK
Interfaz detectada: TAP-Windows Adapter V9
Conexion VPN activa y usando la interfaz OpenVPN.
Verificando conexion...
HAY CONEXION A INTERNET TODO OK
Interfaz detectada: TAP-Windows Adapter V9
Conexion VPN activa y usando la interfaz OpenVPN.
Verificando conexion...
HAY CONEXION A INTERNET TODO OK
Interfaz detectada: TAP-Windows Adapter V9
Conexion VPN activa y usando la interfaz OpenVPN.
Verificando conexion...
HAY CONEXION A INTERNET TODO OK
Interfaz detectada: TAP-Windows Adapter V9
Conexion VPN activa y usando la interfaz OpenVPN.
Verificando conexion...
HAY CONEXION A INTERNET TODO OK
Interfaz detectada: TAP-Windows Adapter V9
Conexion VPN activa y usando la interfaz OpenVPN.
Verificando conexion...
HAY CONEXION A INTERNET TODO OK
Interfaz detectada: TAP-Windows Adapter V9
Conexion VPN activa y usando la interfaz OpenVPN.
Verificando conexion...
HAY CONEXION A INTERNET TODO OK
Interfaz detectada: TAP-Windows Adapter V9
Conexion VPN activa y usando la interfaz OpenVPN.
Verificando conexion...
HAY CONEXION A INTERNET TODO OK
Interfaz detectada: TAP-Windows Adapter V9
Conexion VPN activa y usando la interfaz OpenVPN.
Verificando conexion...
HAY CONEXION A INTERNET TODO OK
Interfaz detectada: TAP-Windows Adapter V9
Conexion VPN activa y usando la interfaz OpenVPN.
Verificando conexion...
HAY CONEXION A INTERNET TODO OK
Interfaz detectada: TAP-Windows Adapter V9
Conexion VPN activa y usando la interfaz OpenVPN.
Verificando conexion...
HAY CONEXION A INTERNET TODO OK
Interfaz detectada: TAP-Windows Adapter V9
Conexion VPN activa y usando la interfaz OpenVPN.
Verificando conexion...
HAY CONEXION A INTERNET TODO OK
Interfaz detectada: TAP-Windows Adapter V9
Conexion VPN activa y usando la interfaz OpenVPN.
Verificando conexion...
HAY CONEXION A INTERNET TODO OK
Interfaz detectada: TAP-Windows Adapter V9
Conexion VPN activa y usando la interfaz OpenVPN.
Verificando conexion...
HAY CONEXION A INTERNET TODO OK
Interfaz detectada: TAP-Windows Adapter V9
Conexion VPN activa y usando la interfaz OpenVPN.
Verificando conexion...
HAY CONEXION A INTERNET TODO OK
Interfaz detectada: TAP-Windows Adapter V9
Conexion VPN activa y usando la interfaz OpenVPN.
Verificando conexion...
HAY CONEXION A INTERNET TODO OK
Interfaz detectada: TAP-Windows Adapter V9
Conexion VPN activa y usando la interfaz OpenVPN.
Verificando conexion...
HAY CONEXION A INTERNET TODO OK
Interfaz detectada: TAP-Windows Adapter V9
Conexion VPN activa y usando la interfaz OpenVPN.
Verificando conexion...
HAY CONEXION A INTERNET TODO OK
Interfaz detectada: TAP-Windows Adapter V9
Conexion VPN activa y usando la interfaz OpenVPN.
Verificando conexion...
HAY CONEXION A INTERNET TODO OK
Interfaz detectada: TAP-Windows Adapter V9
Conexion VPN activa y usando la interfaz OpenVPN.
Verificando conexion...
HAY CONEXION A INTERNET TODO OK
Interfaz detectada: TAP-Windows Adapter V9
Conexion VPN activa y usando la interfaz OpenVPN.
Verificando conexion...
HAY CONEXION A INTERNET TODO OK
Interfaz detectada: TAP-Windows Adapter V9
Conexion VPN activa y usando la interfaz OpenVPN.
Verificando conexion...
HAY CONEXION A INTERNET TODO OK
Interfaz detectada: TAP-Windows Adapter V9
Conexion VPN activa y usando la interfaz OpenVPN.
Verificando conexion...
HAY CONEXION A INTERNET TODO OK
Interfaz detectada: TAP-Windows Adapter V9
Conexion VPN activa y usando la interfaz OpenVPN.
Verificando conexion...
HAY CONEXION A INTERNET TODO OK
Interfaz detectada: TAP-Windows Adapter V9
Conexion VPN activa y usando la interfaz OpenVPN.
Verificando conexion...
HAY CONEXION A INTERNET TODO OK
Interfaz detectada: TAP-Windows Adapter V9
Conexion VPN activa y usando la interfaz OpenVPN.
Verificando conexion...
HAY CONEXION A INTERNET TODO OK
Interfaz detectada: TAP-Windows Adapter V9
Conexion VPN activa y usando la interfaz OpenVPN.
Verificando conexion...
HAY CONEXION A INTERNET TODO OK
Interfaz detectada: TAP-Windows Adapter V9
Conexion VPN activa y usando la interfaz OpenVPN.
Verificando conexion...
HAY CONEXION A INTERNET TODO OK
Interfaz detectada: TAP-Windows Adapter V9
Conexion VPN activa y usando la interfaz OpenVPN.
Verificando conexion...
HAY CONEXION A INTERNET TODO OK
Interfaz detectada: TAP-Windows Adapter V9
Conexion VPN activa y usando la interfaz OpenVPN.
Verificando conexion...
HAY CONEXION A INTERNET TODO OK
Interfaz detectada: TAP-Windows Adapter V9
Conexion VPN activa y usando la interfaz OpenVPN.
Verificando conexion...
HAY CONEXION A INTERNET TODO OK
Interfaz detectada: TAP-Windows Adapter V9
Conexion VPN activa y usando la interfaz OpenVPN.
Verificando conexion...
HAY CONEXION A INTERNET TODO OK
Interfaz detectada: TAP-Windows Adapter V9
Conexion VPN activa y usando la interfaz OpenVPN.
Verificando conexion...
HAY CONEXION A INTERNET TODO OK
Interfaz detectada: TAP-Windows Adapter V9
Conexion VPN activa y usando la interfaz OpenVPN.
Verificando conexion...
HAY CONEXION A INTERNET TODO OK
Interfaz detectada: TAP-Windows Adapter V9
Conexion VPN activa y usando la interfaz OpenVPN.
Verificando conexion...
HAY CONEXION A INTERNET TODO OK
Interfaz detectada: TAP-Windows Adapter V9
Conexion VPN activa y usando la interfaz OpenVPN.
Verificando conexion...
HAY CONEXION A INTERNET TODO OK
Interfaz detectada: TAP-Windows Adapter V9
Conexion VPN activa y usando la interfaz OpenVPN.
Verificando conexion...
HAY CONEXION A INTERNET TODO OK
Interfaz detectada: TAP-Windows Adapter V9
Conexion VPN activa y usando la interfaz OpenVPN.
Verificando conexion...
HAY CONEXION A INTERNET TODO OK
Interfaz detectada: TAP-Windows Adapter V9
Conexion VPN activa y usando la interfaz OpenVPN.
Verificando conexion...
HAY CONEXION A INTERNET TODO OK
Interfaz detectada: TAP-Windows Adapter V9
Conexion VPN activa y usando la interfaz OpenVPN.
Verificando conexion...
HAY CONEXION A INTERNET TODO OK
Interfaz detectada: TAP-Windows Adapter V9
Conexion VPN activa y usando la interfaz OpenVPN.
Verificando conexion...
HAY CONEXION A INTERNET TODO OK
Interfaz detectada: TAP-Windows Adapter V9
Conexion VPN activa y usando la interfaz OpenVPN.
Verificando conexion...
HAY CONEXION A INTERNET TODO OK
Interfaz detectada: TAP-Windows Adapter V9
Conexion VPN activa y usando la interfaz OpenVPN.
Verificando conexion...
HAY CONEXION A INTERNET TODO OK
Interfaz detectada: TAP-Windows Adapter V9
Conexion VPN activa y usando la interfaz OpenVPN.
Verificando conexion...
HAY CONEXION A INTERNET TODO OK
Interfaz detectada: TAP-Windows Adapter V9
Conexion VPN activa y usando la interfaz OpenVPN.
Verificando conexion...
HAY CONEXION A INTERNET TODO OK
Interfaz detectada: TAP-Windows Adapter V9
Conexion VPN activa y usando la interfaz OpenVPN.
Verificando conexion...
HAY CONEXION A INTERNET TODO OK
Interfaz detectada: TAP-Windows Adapter V9
Conexion VPN activa y usando la interfaz OpenVPN.
Verificando conexion...
HAY CONEXION A INTERNET TODO OK
Interfaz detectada: TAP-Windows Adapter V9
Conexion VPN activa y usando la interfaz OpenVPN.
Verificando conexion...
HAY CONEXION A INTERNET TODO OK
Interfaz detectada: TAP-Windows Adapter V9
Conexion VPN activa y usando la interfaz OpenVPN.
Verificando conexion...
HAY CONEXION A INTERNET TODO OK
Interfaz detectada: TAP-Windows Adapter V9
Conexion VPN activa y usando la interfaz OpenVPN.
Verificando conexion...
HAY CONEXION A INTERNET TODO OK
Interfaz detectada: TAP-Windows Adapter V9
Conexion VPN activa y usando la interfaz OpenVPN.
Verificando conexion...
HAY CONEXION A INTERNET TODO OK
Interfaz detectada: TAP-Windows Adapter V9
Conexion VPN activa y usando la interfaz OpenVPN.
Verificando conexion...
HAY CONEXION A INTERNET TODO OK
Interfaz detectada: TAP-Windows Adapter V9
Conexion VPN activa y usando la interfaz OpenVPN.
Verificando conexion...
HAY CONEXION A INTERNET TODO OK
Interfaz detectada: TAP-Windows Adapter V9
Conexion VPN activa y usando la interfaz OpenVPN.
Verificando conexion...
HAY CONEXION A INTERNET TODO OK
Interfaz detectada: TAP-Windows Adapter V9
Conexion VPN activa y usando la interfaz OpenVPN.
Verificando conexion...
HAY CONEXION A INTERNET TODO OK
Interfaz detectada: TAP-Windows Adapter V9
Conexion VPN activa y usando la interfaz OpenVPN.
Verificando conexion...
HAY CONEXION A INTERNET TODO OK
Interfaz detectada: TAP-Windows Adapter V9
Conexion VPN activa y usando la interfaz OpenVPN.
Verificando conexion...
HAY CONEXION A INTERNET TODO OK
Interfaz detectada: TAP-Windows Adapter V9
Conexion VPN activa y usando la interfaz OpenVPN.
Verificando conexion...
HAY CONEXION A INTERNET TODO OK
Interfaz detectada: TAP-Windows Adapter V9
Conexion VPN activa y usando la interfaz OpenVPN.
Verificando conexion...
HAY CONEXION A INTERNET TODO OK
Interfaz detectada: TAP-Windows Adapter V9
Conexion VPN activa y usando la interfaz OpenVPN.
Verificando conexion...
HAY CONEXION A INTERNET TODO OK
Interfaz detectada: TAP-Windows Adapter V9
Conexion VPN activa y usando la interfaz OpenVPN.
Verificando conexion...
HAY CONEXION A INTERNET TODO OK
Interfaz detectada: TAP-Windows Adapter V9
Conexion VPN activa y usando la interfaz OpenVPN.
Verificando conexion...
HAY CONEXION A INTERNET TODO OK
Interfaz detectada: TAP-Windows Adapter V9
Conexion VPN activa y usando la interfaz OpenVPN.
Verificando conexion...
HAY CONEXION A INTERNET TODO OK
Interfaz detectada: TAP-Windows Adapter V9
Conexion VPN activa y usando la interfaz OpenVPN.
Verificando conexion...
HAY CONEXION A INTERNET TODO OK
Interfaz detectada: TAP-Windows Adapter V9
Conexion VPN activa y usando la interfaz OpenVPN.
Verificando conexion...
HAY CONEXION A INTERNET TODO OK
Interfaz detectada: TAP-Windows Adapter V9
Conexion VPN activa y usando la interfaz OpenVPN.
Verificando conexion...
HAY CONEXION A INTERNET TODO OK
Interfaz detectada: TAP-Windows Adapter V9
Conexion VPN activa y usando la interfaz OpenVPN.
Verificando conexion...
HAY CONEXION A INTERNET TODO OK
Interfaz detectada: TAP-Windows Adapter V9
Conexion VPN activa y usando la interfaz OpenVPN.
Verificando conexion...
HAY CONEXION A INTERNET TODO OK
Interfaz detectada: TAP-Windows Adapter V9
Conexion VPN activa y usando la interfaz OpenVPN.
Verificando conexion...
HAY CONEXION A INTERNET TODO OK
Interfaz detectada: TAP-Windows Adapter V9
Conexion VPN activa y usando la interfaz OpenVPN.
Verificando conexion...
HAY CONEXION A INTERNET TODO OK
Interfaz detectada: TAP-Windows Adapter V9
Conexion VPN activa y usando la interfaz OpenVPN.
Verificando conexion...
HAY CONEXION A INTERNET TODO OK
Interfaz detectada: TAP-Windows Adapter V9
Conexion VPN activa y usando la interfaz OpenVPN.
Verificando conexion...
HAY CONEXION A INTERNET TODO OK
Interfaz detectada: TAP-Windows Adapter V9
Conexion VPN activa y usando la interfaz OpenVPN.
Verificando conexion...
HAY CONEXION A INTERNET TODO OK
Interfaz detectada: TAP-Windows Adapter V9
Conexion VPN activa y usando la interfaz OpenVPN.
Verificando conexion...
HAY CONEXION A INTERNET TODO OK
Interfaz detectada: TAP-Windows Adapter V9
Conexion VPN activa y usando la interfaz OpenVPN.
Verificando conexion...
HAY CONEXION A INTERNET TODO OK
Interfaz detectada: TAP-Windows Adapter V9
Conexion VPN activa y usando la interfaz OpenVPN.
Verificando conexion...
HAY CONEXION A INTERNET TODO OK
Interfaz detectada: TAP-Windows Adapter V9
Conexion VPN activa y usando la interfaz OpenVPN.
Verificando conexion...
HAY CONEXION A INTERNET TODO OK
Interfaz detectada: TAP-Windows Adapter V9
Conexion VPN activa y usando la interfaz OpenVPN.
2024-12-19 19:04:12 Error opening 'Auth' auth file: .ovpn_credentials.txt: El sistema no puede encontrar el archivo especificado.   (errno=2)
2024-12-19 19:04:12 Exiting due to fatal error
Verificando conexion...
ERROR NO HAY CONEXION A INTERNET
ERROR NO HAY CONEXION A INTERNET
ERROR NO HAY CONEXION A INTERNET
ERROR: No hay conexion VPN. Reintentando...
Intentando conectar a la VPN... (Intento 1 de 30)
Usando proxy con credenciales
start /B "" "openvpn\bin\openvpn" --config "config\us-free-237079.protonvpn.tcp\us-free-237079.protonvpn.tcp.ovpn" --auth-user-pass ".ovpn_credentials.txt" --http-proxy 127.0.0.1 5556 ".proxy_credentials.txt" --auth-nocache --auth-retry interact
2024-12-19 19:04:27 OpenVPN 2.6.12 [git:v2.6.12/038a94bae57a446c] Windows [SSL (OpenSSL)] [LZO] [LZ4] [PKCS11] [AEAD] [DCO] built on Jul 18 2024
2024-12-19 19:04:27 Windows version 10.0 (Windows 10 or greater), amd64 executable
2024-12-19 19:04:27 library versions: OpenSSL 3.3.1 4 Jun 2024, LZO 2.10
2024-12-19 19:04:27 DCO version: 1.2.1
2024-12-19 19:04:27 TCP/UDP: Preserving recently used remote address: [AF_INET]127.0.0.1:5556
2024-12-19 19:04:27 Attempting to establish TCP connection with [AF_INET]127.0.0.1:5556
2024-12-19 19:04:27 TCP connection established with [AF_INET]127.0.0.1:5556
2024-12-19 19:04:28 TCPv4_CLIENT link local: (not bound)
2024-12-19 19:04:28 TCPv4_CLIENT link remote: [AF_INET]127.0.0.1:5556
2024-12-19 19:04:28 Connection reset, restarting [0]
2024-12-19 19:04:28 SIGUSR1[soft,connection-reset] received, process restarting
2024-12-19 19:04:29 TCP/UDP: Preserving recently used remote address: [AF_INET]127.0.0.1:5556
2024-12-19 19:04:29 Attempting to establish TCP connection with [AF_INET]127.0.0.1:5556
Verificando conexion...
ERROR NO HAY CONEXION A INTERNET
ERROR NO HAY CONEXION A INTERNET
ERROR NO HAY CONEXION A INTERNET
ERROR: No hay conexion VPN. Reintentando...
Intentando conectar a la VPN... (Intento 2 de 30)
Usando proxy con credenciales
start /B "" "openvpn\bin\openvpn" --config "config\us-free-237079.protonvpn.tcp\us-free-237079.protonvpn.tcp.ovpn" --auth-user-pass ".ovpn_credentials.txt" --http-proxy 127.0.0.1 5556 ".proxy_credentials.txt" --auth-nocache --auth-retry interact
2024-12-19 19:04:57 OpenVPN 2.6.12 [git:v2.6.12/038a94bae57a446c] Windows [SSL (OpenSSL)] [LZO] [LZ4] [PKCS11] [AEAD] [DCO] built on Jul 18 2024
2024-12-19 19:04:57 Windows version 10.0 (Windows 10 or greater), amd64 executable
2024-12-19 19:04:57 library versions: OpenSSL 3.3.1 4 Jun 2024, LZO 2.10
2024-12-19 19:04:57 DCO version: 1.2.1
2024-12-19 19:04:57 TCP/UDP: Preserving recently used remote address: [AF_INET]127.0.0.1:5556
2024-12-19 19:04:57 Attempting to establish TCP connection with [AF_INET]127.0.0.1:5556
2024-12-19 19:04:57 TCP connection established with [AF_INET]127.0.0.1:5556
2024-12-19 19:04:59 TCPv4_CLIENT link local: (not bound)
2024-12-19 19:04:59 TCPv4_CLIENT link remote: [AF_INET]127.0.0.1:5556
2024-12-19 19:05:00 [node-us-287.protonvpn.net] Peer Connection Initiated with [AF_INET]127.0.0.1:5556
2024-12-19 19:05:03 open_tun
2024-12-19 19:05:03 tap-windows6 device [OpenVPN TAP-Windows6] opened
2024-12-19 19:05:03 Set TAP-Windows TUN subnet mode network/local/netmask = 10.98.0.0/10.98.0.11/255.255.0.0 [SUCCEEDED]
2024-12-19 19:05:03 Notified TAP-Windows driver to set a DHCP IP/netmask of 10.98.0.11/255.255.0.0 on interface {FD7E00FE-AEC4-4C6E-8DF0-A2938446D560} [DHCP-serv: 10.98.0.0, lease-time: 31536000]
2024-12-19 19:05:03 Successful ARP Flush on interface [73] {FD7E00FE-AEC4-4C6E-8DF0-A2938446D560}
2024-12-19 19:05:03 IPv4 MTU set to 1500 on interface 73 using SetIpInterfaceEntry()
2024-12-19 19:05:03 Block_DNS: WFP engine opened
2024-12-19 19:05:03 Block_DNS: Using existing sublayer
2024-12-19 19:05:03 Block_DNS: Added permit filters for exe_path
2024-12-19 19:05:03 Block_DNS: Added block filters for all interfaces
2024-12-19 19:05:03 Block_DNS: Added permit filters for TAP interface
2024-12-19 19:05:08 Initialization Sequence Completed
Verificando conexion...
HAY CONEXION A INTERNET TODO OK
Interfaz detectada: TAP-Windows Adapter V9
Conexion VPN activa y usando la interfaz OpenVPN.
Verificando conexion...
HAY CONEXION A INTERNET TODO OK
Interfaz detectada: TAP-Windows Adapter V9
Conexion VPN activa y usando la interfaz OpenVPN.
Verificando conexion...
HAY CONEXION A INTERNET TODO OK
Interfaz detectada: TAP-Windows Adapter V9
Conexion VPN activa y usando la interfaz OpenVPN.
Verificando conexion...
HAY CONEXION A INTERNET TODO OK
Interfaz detectada: TAP-Windows Adapter V9
Conexion VPN activa y usando la interfaz OpenVPN.
Verificando conexion...
HAY CONEXION A INTERNET TODO OK
Interfaz detectada: TAP-Windows Adapter V9
Conexion VPN activa y usando la interfaz OpenVPN.
Verificando conexion...
HAY CONEXION A INTERNET TODO OK
Interfaz detectada: TAP-Windows Adapter V9
Conexion VPN activa y usando la interfaz OpenVPN.
Verificando conexion...
HAY CONEXION A INTERNET TODO OK
Interfaz detectada: TAP-Windows Adapter V9
Conexion VPN activa y usando la interfaz OpenVPN.
Verificando conexion...
HAY CONEXION A INTERNET TODO OK
Interfaz detectada: TAP-Windows Adapter V9
Conexion VPN activa y usando la interfaz OpenVPN.
Verificando conexion...
HAY CONEXION A INTERNET TODO OK
Interfaz detectada: TAP-Windows Adapter V9
Conexion VPN activa y usando la interfaz OpenVPN.
Verificando conexion...
HAY CONEXION A INTERNET TODO OK
Interfaz detectada: TAP-Windows Adapter V9
Conexion VPN activa y usando la interfaz OpenVPN.
Verificando conexion...
HAY CONEXION A INTERNET TODO OK
Interfaz detectada: TAP-Windows Adapter V9
Conexion VPN activa y usando la interfaz OpenVPN.
Verificando conexion...
HAY CONEXION A INTERNET TODO OK
Interfaz detectada: TAP-Windows Adapter V9
Conexion VPN activa y usando la interfaz OpenVPN.
Verificando conexion...
HAY CONEXION A INTERNET TODO OK
Interfaz detectada: TAP-Windows Adapter V9
Conexion VPN activa y usando la interfaz OpenVPN.
Verificando conexion...
HAY CONEXION A INTERNET TODO OK
Interfaz detectada: TAP-Windows Adapter V9
Conexion VPN activa y usando la interfaz OpenVPN.
Verificando conexion...
HAY CONEXION A INTERNET TODO OK
Interfaz detectada: TAP-Windows Adapter V9
Conexion VPN activa y usando la interfaz OpenVPN.
Verificando conexion...
HAY CONEXION A INTERNET TODO OK
Interfaz detectada: TAP-Windows Adapter V9
Conexion VPN activa y usando la interfaz OpenVPN.
Verificando conexion...
HAY CONEXION A INTERNET TODO OK
Interfaz detectada: TAP-Windows Adapter V9
Conexion VPN activa y usando la interfaz OpenVPN.
Verificando conexion...
HAY CONEXION A INTERNET TODO OK
Interfaz detectada: TAP-Windows Adapter V9
Conexion VPN activa y usando la interfaz OpenVPN.
Verificando conexion...
HAY CONEXION A INTERNET TODO OK
Interfaz detectada: TAP-Windows Adapter V9
Conexion VPN activa y usando la interfaz OpenVPN.
Verificando conexion...
HAY CONEXION A INTERNET TODO OK
Interfaz detectada: TAP-Windows Adapter V9
Conexion VPN activa y usando la interfaz OpenVPN.
Verificando conexion...
HAY CONEXION A INTERNET TODO OK
Interfaz detectada: TAP-Windows Adapter V9
Conexion VPN activa y usando la interfaz OpenVPN.
Verificando conexion...
HAY CONEXION A INTERNET TODO OK
Interfaz detectada: TAP-Windows Adapter V9
Conexion VPN activa y usando la interfaz OpenVPN.
Verificando conexion...
HAY CONEXION A INTERNET TODO OK
Interfaz detectada: TAP-Windows Adapter V9
Conexion VPN activa y usando la interfaz OpenVPN.
Verificando conexion...
HAY CONEXION A INTERNET TODO OK
Interfaz detectada: TAP-Windows Adapter V9
Conexion VPN activa y usando la interfaz OpenVPN.
Verificando conexion...
HAY CONEXION A INTERNET TODO OK
Interfaz detectada: TAP-Windows Adapter V9
Conexion VPN activa y usando la interfaz OpenVPN.
Verificando conexion...
HAY CONEXION A INTERNET TODO OK
Interfaz detectada: TAP-Windows Adapter V9
Conexion VPN activa y usando la interfaz OpenVPN.
Verificando conexion...
HAY CONEXION A INTERNET TODO OK
Interfaz detectada: TAP-Windows Adapter V9
Conexion VPN activa y usando la interfaz OpenVPN.
Verificando conexion...
HAY CONEXION A INTERNET TODO OK
Interfaz detectada: TAP-Windows Adapter V9
Conexion VPN activa y usando la interfaz OpenVPN.
Verificando conexion...
HAY CONEXION A INTERNET TODO OK
Interfaz detectada: TAP-Windows Adapter V9
Conexion VPN activa y usando la interfaz OpenVPN.
Verificando conexion...
HAY CONEXION A INTERNET TODO OK
Interfaz detectada: TAP-Windows Adapter V9
Conexion VPN activa y usando la interfaz OpenVPN.
Verificando conexion...
HAY CONEXION A INTERNET TODO OK
Interfaz detectada: TAP-Windows Adapter V9
Conexion VPN activa y usando la interfaz OpenVPN.
Verificando conexion...
HAY CONEXION A INTERNET TODO OK
Interfaz detectada: TAP-Windows Adapter V9
Conexion VPN activa y usando la interfaz OpenVPN.
Verificando conexion...
HAY CONEXION A INTERNET TODO OK
Interfaz detectada: TAP-Windows Adapter V9
Conexion VPN activa y usando la interfaz OpenVPN.
Verificando conexion...
HAY CONEXION A INTERNET TODO OK
Interfaz detectada: TAP-Windows Adapter V9
Conexion VPN activa y usando la interfaz OpenVPN.
Verificando conexion...
HAY CONEXION A INTERNET TODO OK
Interfaz detectada: TAP-Windows Adapter V9
Conexion VPN activa y usando la interfaz OpenVPN.
Verificando conexion...
HAY CONEXION A INTERNET TODO OK
Interfaz detectada: TAP-Windows Adapter V9
Conexion VPN activa y usando la interfaz OpenVPN.
Verificando conexion...
HAY CONEXION A INTERNET TODO OK
Interfaz detectada: TAP-Windows Adapter V9
Conexion VPN activa y usando la interfaz OpenVPN.
Verificando conexion...
HAY CONEXION A INTERNET TODO OK
Interfaz detectada: TAP-Windows Adapter V9
Conexion VPN activa y usando la interfaz OpenVPN.
Verificando conexion...
HAY CONEXION A INTERNET TODO OK
Interfaz detectada: TAP-Windows Adapter V9
Conexion VPN activa y usando la interfaz OpenVPN.
Verificando conexion...
HAY CONEXION A INTERNET TODO OK
Interfaz detectada: TAP-Windows Adapter V9
Conexion VPN activa y usando la interfaz OpenVPN.
Verificando conexion...
HAY CONEXION A INTERNET TODO OK
Interfaz detectada: TAP-Windows Adapter V9
Conexion VPN activa y usando la interfaz OpenVPN.
Verificando conexion...
HAY CONEXION A INTERNET TODO OK
Interfaz detectada: TAP-Windows Adapter V9
Conexion VPN activa y usando la interfaz OpenVPN.
Verificando conexion...
HAY CONEXION A INTERNET TODO OK
Interfaz detectada: TAP-Windows Adapter V9
Conexion VPN activa y usando la interfaz OpenVPN.
Verificando conexion...
HAY CONEXION A INTERNET TODO OK
Interfaz detectada: TAP-Windows Adapter V9
Conexion VPN activa y usando la interfaz OpenVPN.
Verificando conexion...
HAY CONEXION A INTERNET TODO OK
Interfaz detectada: TAP-Windows Adapter V9
Conexion VPN activa y usando la interfaz OpenVPN.
Verificando conexion...
HAY CONEXION A INTERNET TODO OK
Interfaz detectada: TAP-Windows Adapter V9
Conexion VPN activa y usando la interfaz OpenVPN.
Verificando conexion...
HAY CONEXION A INTERNET TODO OK
Interfaz detectada: TAP-Windows Adapter V9
Conexion VPN activa y usando la interfaz OpenVPN.
Verificando conexion...
HAY CONEXION A INTERNET TODO OK
Interfaz detectada: TAP-Windows Adapter V9
Conexion VPN activa y usando la interfaz OpenVPN.
Verificando conexion...
HAY CONEXION A INTERNET TODO OK
Interfaz detectada: TAP-Windows Adapter V9
Conexion VPN activa y usando la interfaz OpenVPN.
Verificando conexion...
HAY CONEXION A INTERNET TODO OK
Interfaz detectada: TAP-Windows Adapter V9
Conexion VPN activa y usando la interfaz OpenVPN.
Verificando conexion...
HAY CONEXION A INTERNET TODO OK
Interfaz detectada: TAP-Windows Adapter V9
Conexion VPN activa y usando la interfaz OpenVPN.
Verificando conexion...
HAY CONEXION A INTERNET TODO OK
Interfaz detectada: TAP-Windows Adapter V9
Conexion VPN activa y usando la interfaz OpenVPN.
Verificando conexion...
HAY CONEXION A INTERNET TODO OK
Interfaz detectada: TAP-Windows Adapter V9
Conexion VPN activa y usando la interfaz OpenVPN.
Verificando conexion...
HAY CONEXION A INTERNET TODO OK
Interfaz detectada: TAP-Windows Adapter V9
Conexion VPN activa y usando la interfaz OpenVPN.
Verificando conexion...
HAY CONEXION A INTERNET TODO OK
Interfaz detectada: TAP-Windows Adapter V9
Conexion VPN activa y usando la interfaz OpenVPN.
Verificando conexion...
HAY CONEXION A INTERNET TODO OK
Interfaz detectada: TAP-Windows Adapter V9
Conexion VPN activa y usando la interfaz OpenVPN.
Verificando conexion...
HAY CONEXION A INTERNET TODO OK
Interfaz detectada: TAP-Windows Adapter V9
Conexion VPN activa y usando la interfaz OpenVPN.
Verificando conexion...
HAY CONEXION A INTERNET TODO OK
Interfaz detectada: TAP-Windows Adapter V9
Conexion VPN activa y usando la interfaz OpenVPN.
Verificando conexion...
HAY CONEXION A INTERNET TODO OK
Interfaz detectada: TAP-Windows Adapter V9
Conexion VPN activa y usando la interfaz OpenVPN.
Verificando conexion...
HAY CONEXION A INTERNET TODO OK
Interfaz detectada: TAP-Windows Adapter V9
Conexion VPN activa y usando la interfaz OpenVPN.
Verificando conexion...
HAY CONEXION A INTERNET TODO OK
Interfaz detectada: TAP-Windows Adapter V9
Conexion VPN activa y usando la interfaz OpenVPN.
Verificando conexion...
HAY CONEXION A INTERNET TODO OK
Interfaz detectada: TAP-Windows Adapter V9
Conexion VPN activa y usando la interfaz OpenVPN.
Verificando conexion...
HAY CONEXION A INTERNET TODO OK
Interfaz detectada: TAP-Windows Adapter V9
Conexion VPN activa y usando la interfaz OpenVPN.
Verificando conexion...
HAY CONEXION A INTERNET TODO OK
Interfaz detectada: TAP-Windows Adapter V9
Conexion VPN activa y usando la interfaz OpenVPN.
Verificando conexion...
HAY CONEXION A INTERNET TODO OK
Interfaz detectada: TAP-Windows Adapter V9
Conexion VPN activa y usando la interfaz OpenVPN.
Verificando conexion...
HAY CONEXION A INTERNET TODO OK
Interfaz detectada: TAP-Windows Adapter V9
Conexion VPN activa y usando la interfaz OpenVPN.
Verificando conexion...
HAY CONEXION A INTERNET TODO OK
Interfaz detectada: TAP-Windows Adapter V9
Conexion VPN activa y usando la interfaz OpenVPN.
Verificando conexion...
HAY CONEXION A INTERNET TODO OK
Interfaz detectada: TAP-Windows Adapter V9
Conexion VPN activa y usando la interfaz OpenVPN.
Verificando conexion...
HAY CONEXION A INTERNET TODO OK
Interfaz detectada: TAP-Windows Adapter V9
Conexion VPN activa y usando la interfaz OpenVPN.
Verificando conexion...
HAY CONEXION A INTERNET TODO OK
Interfaz detectada: TAP-Windows Adapter V9
Conexion VPN activa y usando la interfaz OpenVPN.
Verificando conexion...
HAY CONEXION A INTERNET TODO OK
Interfaz detectada: TAP-Windows Adapter V9
Conexion VPN activa y usando la interfaz OpenVPN.
Verificando conexion...
HAY CONEXION A INTERNET TODO OK
Interfaz detectada: TAP-Windows Adapter V9
Conexion VPN activa y usando la interfaz OpenVPN.
Verificando conexion...
HAY CONEXION A INTERNET TODO OK
Interfaz detectada: TAP-Windows Adapter V9
Conexion VPN activa y usando la interfaz OpenVPN.
Verificando conexion...
HAY CONEXION A INTERNET TODO OK
Interfaz detectada: TAP-Windows Adapter V9
Conexion VPN activa y usando la interfaz OpenVPN.
Verificando conexion...
HAY CONEXION A INTERNET TODO OK
Interfaz detectada: TAP-Windows Adapter V9
Conexion VPN activa y usando la interfaz OpenVPN.
Verificando conexion...
HAY CONEXION A INTERNET TODO OK
Interfaz detectada: TAP-Windows Adapter V9
Conexion VPN activa y usando la interfaz OpenVPN.
Verificando conexion...
HAY CONEXION A INTERNET TODO OK
Interfaz detectada: TAP-Windows Adapter V9
Conexion VPN activa y usando la interfaz OpenVPN.
Verificando conexion...
HAY CONEXION A INTERNET TODO OK
Interfaz detectada: TAP-Windows Adapter V9
Conexion VPN activa y usando la interfaz OpenVPN.
Verificando conexion...
HAY CONEXION A INTERNET TODO OK
Interfaz detectada: TAP-Windows Adapter V9
Conexion VPN activa y usando la interfaz OpenVPN.
Verificando conexion...
HAY CONEXION A INTERNET TODO OK
Interfaz detectada: TAP-Windows Adapter V9
Conexion VPN activa y usando la interfaz OpenVPN.
Verificando conexion...
HAY CONEXION A INTERNET TODO OK
Interfaz detectada: TAP-Windows Adapter V9
Conexion VPN activa y usando la interfaz OpenVPN.
Verificando conexion...
HAY CONEXION A INTERNET TODO OK
Interfaz detectada: TAP-Windows Adapter V9
Conexion VPN activa y usando la interfaz OpenVPN.
Verificando conexion...
HAY CONEXION A INTERNET TODO OK
Interfaz detectada: TAP-Windows Adapter V9
Conexion VPN activa y usando la interfaz OpenVPN.
Verificando conexion...
HAY CONEXION A INTERNET TODO OK
Interfaz detectada: TAP-Windows Adapter V9
Conexion VPN activa y usando la interfaz OpenVPN.
Verificando conexion...
HAY CONEXION A INTERNET TODO OK
Interfaz detectada: TAP-Windows Adapter V9
Conexion VPN activa y usando la interfaz OpenVPN.
Verificando conexion...
HAY CONEXION A INTERNET TODO OK
Interfaz detectada: TAP-Windows Adapter V9
Conexion VPN activa y usando la interfaz OpenVPN.
Verificando conexion...
HAY CONEXION A INTERNET TODO OK
Interfaz detectada: TAP-Windows Adapter V9
Conexion VPN activa y usando la interfaz OpenVPN.
Verificando conexion...
HAY CONEXION A INTERNET TODO OK
Interfaz detectada: TAP-Windows Adapter V9
Conexion VPN activa y usando la interfaz OpenVPN.
Verificando conexion...
HAY CONEXION A INTERNET TODO OK
Interfaz detectada: TAP-Windows Adapter V9
Conexion VPN activa y usando la interfaz OpenVPN.
Verificando conexion...
HAY CONEXION A INTERNET TODO OK
Interfaz detectada: TAP-Windows Adapter V9
Conexion VPN activa y usando la interfaz OpenVPN.
Verificando conexion...
HAY CONEXION A INTERNET TODO OK
Interfaz detectada: TAP-Windows Adapter V9
Conexion VPN activa y usando la interfaz OpenVPN.
Verificando conexion...
HAY CONEXION A INTERNET TODO OK
Interfaz detectada: TAP-Windows Adapter V9
Conexion VPN activa y usando la interfaz OpenVPN.
Verificando conexion...
HAY CONEXION A INTERNET TODO OK
Interfaz detectada: TAP-Windows Adapter V9
Conexion VPN activa y usando la interfaz OpenVPN.
Verificando conexion...
HAY CONEXION A INTERNET TODO OK
Interfaz detectada: TAP-Windows Adapter V9
Conexion VPN activa y usando la interfaz OpenVPN.
Verificando conexion...
HAY CONEXION A INTERNET TODO OK
Interfaz detectada: TAP-Windows Adapter V9
Conexion VPN activa y usando la interfaz OpenVPN.
Verificando conexion...
HAY CONEXION A INTERNET TODO OK
Interfaz detectada: TAP-Windows Adapter V9
Conexion VPN activa y usando la interfaz OpenVPN.
Verificando conexion...
HAY CONEXION A INTERNET TODO OK
Interfaz detectada: TAP-Windows Adapter V9
Conexion VPN activa y usando la interfaz OpenVPN.
Verificando conexion...
HAY CONEXION A INTERNET TODO OK
Interfaz detectada: TAP-Windows Adapter V9
Conexion VPN activa y usando la interfaz OpenVPN.
Verificando conexion...
HAY CONEXION A INTERNET TODO OK
Interfaz detectada: TAP-Windows Adapter V9
Conexion VPN activa y usando la interfaz OpenVPN.
Verificando conexion...
HAY CONEXION A INTERNET TODO OK
Interfaz detectada: TAP-Windows Adapter V9
Conexion VPN activa y usando la interfaz OpenVPN.
Verificando conexion...
HAY CONEXION A INTERNET TODO OK
Interfaz detectada: TAP-Windows Adapter V9
Conexion VPN activa y usando la interfaz OpenVPN.
Verificando conexion...
HAY CONEXION A INTERNET TODO OK
Interfaz detectada: TAP-Windows Adapter V9
Conexion VPN activa y usando la interfaz OpenVPN.
Verificando conexion...
HAY CONEXION A INTERNET TODO OK
Interfaz detectada: TAP-Windows Adapter V9
Conexion VPN activa y usando la interfaz OpenVPN.
Verificando conexion...
HAY CONEXION A INTERNET TODO OK
Interfaz detectada: TAP-Windows Adapter V9
Conexion VPN activa y usando la interfaz OpenVPN.
Verificando conexion...
HAY CONEXION A INTERNET TODO OK
Interfaz detectada: TAP-Windows Adapter V9
Conexion VPN activa y usando la interfaz OpenVPN.
Verificando conexion...
HAY CONEXION A INTERNET TODO OK
Interfaz detectada: TAP-Windows Adapter V9
Conexion VPN activa y usando la interfaz OpenVPN.
Verificando conexion...
HAY CONEXION A INTERNET TODO OK
Interfaz detectada: TAP-Windows Adapter V9
Conexion VPN activa y usando la interfaz OpenVPN.
Verificando conexion...
HAY CONEXION A INTERNET TODO OK
Interfaz detectada: TAP-Windows Adapter V9
Conexion VPN activa y usando la interfaz OpenVPN.
Verificando conexion...
HAY CONEXION A INTERNET TODO OK
Interfaz detectada: TAP-Windows Adapter V9
Conexion VPN activa y usando la interfaz OpenVPN.
Verificando conexion...
HAY CONEXION A INTERNET TODO OK
Interfaz detectada: TAP-Windows Adapter V9
Conexion VPN activa y usando la interfaz OpenVPN.
Verificando conexion...
HAY CONEXION A INTERNET TODO OK
Interfaz detectada: TAP-Windows Adapter V9
Conexion VPN activa y usando la interfaz OpenVPN.
Verificando conexion...
HAY CONEXION A INTERNET TODO OK
Interfaz detectada: TAP-Windows Adapter V9
Conexion VPN activa y usando la interfaz OpenVPN.
Verificando conexion...
HAY CONEXION A INTERNET TODO OK
Interfaz detectada: TAP-Windows Adapter V9
Conexion VPN activa y usando la interfaz OpenVPN.
Verificando conexion...
HAY CONEXION A INTERNET TODO OK
Interfaz detectada: TAP-Windows Adapter V9
Conexion VPN activa y usando la interfaz OpenVPN.
Verificando conexion...
HAY CONEXION A INTERNET TODO OK
Interfaz detectada: TAP-Windows Adapter V9
Conexion VPN activa y usando la interfaz OpenVPN.
Verificando conexion...
HAY CONEXION A INTERNET TODO OK
Interfaz detectada: TAP-Windows Adapter V9
Conexion VPN activa y usando la interfaz OpenVPN.
Verificando conexion...
HAY CONEXION A INTERNET TODO OK
Interfaz detectada: TAP-Windows Adapter V9
Conexion VPN activa y usando la interfaz OpenVPN.
Verificando conexion...
HAY CONEXION A INTERNET TODO OK
Interfaz detectada: TAP-Windows Adapter V9
Conexion VPN activa y usando la interfaz OpenVPN.
Verificando conexion...
HAY CONEXION A INTERNET TODO OK
Interfaz detectada: TAP-Windows Adapter V9
Conexion VPN activa y usando la interfaz OpenVPN.
Verificando conexion...
HAY CONEXION A INTERNET TODO OK
Interfaz detectada: TAP-Windows Adapter V9
Conexion VPN activa y usando la interfaz OpenVPN.
Verificando conexion...
HAY CONEXION A INTERNET TODO OK
Interfaz detectada: TAP-Windows Adapter V9
Conexion VPN activa y usando la interfaz OpenVPN.
Verificando conexion...
HAY CONEXION A INTERNET TODO OK
Interfaz detectada: TAP-Windows Adapter V9
Conexion VPN activa y usando la interfaz OpenVPN.
Verificando conexion...
HAY CONEXION A INTERNET TODO OK
Interfaz detectada: TAP-Windows Adapter V9
Conexion VPN activa y usando la interfaz OpenVPN.
Verificando conexion...
HAY CONEXION A INTERNET TODO OK
Interfaz detectada: TAP-Windows Adapter V9
Conexion VPN activa y usando la interfaz OpenVPN.
Verificando conexion...
HAY CONEXION A INTERNET TODO OK
Interfaz detectada: TAP-Windows Adapter V9
Conexion VPN activa y usando la interfaz OpenVPN.
Verificando conexion...
HAY CONEXION A INTERNET TODO OK
Interfaz detectada: TAP-Windows Adapter V9
Conexion VPN activa y usando la interfaz OpenVPN.
Verificando conexion...
HAY CONEXION A INTERNET TODO OK
Interfaz detectada: TAP-Windows Adapter V9
Conexion VPN activa y usando la interfaz OpenVPN.
Verificando conexion...
HAY CONEXION A INTERNET TODO OK
Interfaz detectada: TAP-Windows Adapter V9
Conexion VPN activa y usando la interfaz OpenVPN.
Verificando conexion...
HAY CONEXION A INTERNET TODO OK
Interfaz detectada: TAP-Windows Adapter V9
Conexion VPN activa y usando la interfaz OpenVPN.
Verificando conexion...
HAY CONEXION A INTERNET TODO OK
Interfaz detectada: TAP-Windows Adapter V9
Conexion VPN activa y usando la interfaz OpenVPN.
Verificando conexion...
HAY CONEXION A INTERNET TODO OK
Interfaz detectada: TAP-Windows Adapter V9
Conexion VPN activa y usando la interfaz OpenVPN.
Verificando conexion...
HAY CONEXION A INTERNET TODO OK
Interfaz detectada: TAP-Windows Adapter V9
Conexion VPN activa y usando la interfaz OpenVPN.
Verificando conexion...
HAY CONEXION A INTERNET TODO OK
Interfaz detectada: TAP-Windows Adapter V9
Conexion VPN activa y usando la interfaz OpenVPN.
Verificando conexion...
HAY CONEXION A INTERNET TODO OK
Interfaz detectada: TAP-Windows Adapter V9
Conexion VPN activa y usando la interfaz OpenVPN.
Verificando conexion...
HAY CONEXION A INTERNET TODO OK
Interfaz detectada: TAP-Windows Adapter V9
Conexion VPN activa y usando la interfaz OpenVPN.
Verificando conexion...
HAY CONEXION A INTERNET TODO OK
Interfaz detectada: TAP-Windows Adapter V9
Conexion VPN activa y usando la interfaz OpenVPN.
Verificando conexion...
HAY CONEXION A INTERNET TODO OK
Interfaz detectada: TAP-Windows Adapter V9
Conexion VPN activa y usando la interfaz OpenVPN.
Verificando conexion...
HAY CONEXION A INTERNET TODO OK
Interfaz detectada: TAP-Windows Adapter V9
Conexion VPN activa y usando la interfaz OpenVPN.
Verificando conexion...
HAY CONEXION A INTERNET TODO OK
Interfaz detectada: TAP-Windows Adapter V9
Conexion VPN activa y usando la interfaz OpenVPN.
Verificando conexion...
HAY CONEXION A INTERNET TODO OK
Interfaz detectada: TAP-Windows Adapter V9
Conexion VPN activa y usando la interfaz OpenVPN.
Verificando conexion...
HAY CONEXION A INTERNET TODO OK
